Running: D:\Procesador\14.7\ISE_DS\ISE\bin\nt64\unwrapped\fuse.exe -intstyle ise -incremental -o C:/Users/joanc/Desktop/Procesador_1/Procesador_1/Tb_Procesador2_isim_beh.exe -prj C:/Users/joanc/Desktop/Procesador_1/Procesador_1/Tb_Procesador2_beh.prj work.Tb_Procesador2 
ISim P.20131013 (signature 0x7708f090)
Number of CPUs detected in this system: 4
Turning on mult-threading, number of parallel sub-compilation jobs: 8 
Determining compilation order of HDL files
Parsing VHDL file "C:/Users/joanc/Desktop/Procesador_1/Procesador_1/WindowsManager.vhd" into library work
Parsing VHDL file "C:/Users/joanc/Desktop/Procesador_1/Procesador_1/Uc.vhd" into library work
Parsing VHDL file "C:/Users/joanc/Desktop/Procesador_1/Procesador_1/Sumador.vhd" into library work
Parsing VHDL file "C:/Users/joanc/Desktop/Procesador_1/Procesador_1/SEU.vhd" into library work
Parsing VHDL file "C:/Users/joanc/Desktop/Procesador_1/Procesador_1/Rf.vhd" into library work
Parsing VHDL file "C:/Users/joanc/Desktop/Procesador_1/Procesador_1/PSRM.vhd" into library work
Parsing VHDL file "C:/Users/joanc/Desktop/Procesador_1/Procesador_1/PSR.vhd" into library work
Parsing VHDL file "C:/Users/joanc/Desktop/Procesador_1/Procesador_1/Pc.vhd" into library work
Parsing VHDL file "C:/Users/joanc/Desktop/Procesador_1/Procesador_1/MUX.vhd" into library work
Parsing VHDL file "C:/Users/joanc/Desktop/Procesador_1/Procesador_1/instructionMemory.vhd" into library work
Parsing VHDL file "C:/Users/joanc/Desktop/Procesador_1/Procesador_1/Alu.vhd" into library work
Parsing VHDL file "C:/Users/joanc/Desktop/Procesador_1/Procesador_1/Procesador_2.vhd" into library work
Parsing VHDL file "C:/Users/joanc/Desktop/Procesador_1/Procesador_1/Tb_Procesador2.vhd" into library work
Starting static elaboration
Completed static elaboration
Compiling package standard
Compiling package std_logic_1164
Compiling package numeric_std
Compiling package std_logic_arith
Compiling package std_logic_unsigned
Compiling package textio
Compiling architecture behavioral of entity Sumador [sumador_default]
Compiling architecture behavioral of entity Pc [pc_default]
Compiling architecture behavioral of entity instructionMemory [instructionmemory_default]
Compiling architecture behavioral of entity Uc [uc_default]
Compiling architecture behavioral of entity Rf [rf_default]
Compiling architecture behavioral of entity MUX [mux_default]
Compiling architecture behavioral of entity SEU [seu_default]
Compiling architecture behavioral of entity Alu [alu_default]
Compiling architecture behavioral of entity PSRM [psrm_default]
Compiling architecture behavioral of entity PSR [psr_default]
Compiling architecture behavioral of entity WindowsManager [windowsmanager_default]
Compiling architecture behavioral of entity Procesador_2 [procesador_2_default]
Compiling architecture behavior of entity tb_procesador2
Time Resolution for simulation is 1ps.
Waiting for 11 sub-compilation(s) to finish...
Compiled 31 VHDL Units
Built simulation executable C:/Users/joanc/Desktop/Procesador_1/Procesador_1/Tb_Procesador2_isim_beh.exe
Fuse Memory Usage: 37496 KB
Fuse CPU Usage: 1061 ms
